1749341104:240300:240306:/<HDD0>/Music/Lana Del Rey/Born To Die (Explicit)/Lana Del Rey - 12. This Is What Makes Us Girls.flac
1749341249:60160:320680:/<HDD0>/Music/Kanye West/The Life Of Pablo (Explicit)/Kanye West - 01. Ultralight Beam (Explicit).flac
1749341821:320653:320680:/<HDD0>/Music/Kanye West/The Life Of Pablo (Explicit)/Kanye West - 01. Ultralight Beam (Explicit).flac
1749341994:135888:135920:/<HDD0>/Music/Kanye West/The Life Of Pablo (Explicit)/Kanye West - 02. Father Stretch My Hands Pt. 1 (Explici.flac
1749342124:130272:130293:/<HDD0>/Music/Kanye West/The Life Of Pablo (Explicit)/Kanye West - 03. Pt. 2 (Explicit).flac
1749342320:196022:196040:/<HDD0>/Music/Kanye West/The Life Of Pablo (Explicit)/Kanye West - 04. Famous (Explicit).flac
1749342467:147226:147240:/<HDD0>/Music/Kanye West/The Life Of Pablo (Explicit)/Kanye West - 05. Feedback (Explicit).flac
1749342599:131761:131773:/<HDD0>/Music/Kanye West/The Life Of Pablo (Explicit)/Kanye West - 06. Low Lights (Explicit).flac
1749342799:199836:199866:/<HDD0>/Music/Kanye West/The Life Of Pablo (Explicit)/Kanye West - 07. Highlights (Explicit).flac
1749342923:123350:123386:/<HDD0>/Music/Kanye West/The Life Of Pablo (Explicit)/Kanye West - 08. Freestyle 4 (Explicit).flac
1749342967:44826:44826:/<HDD0>/Music/Kanye West/The Life Of Pablo (Explicit)/Kanye West - 09. I Love Kanye (Explicit).flac
1749343149:181551:181573:/<HDD0>/Music/Kanye West/The Life Of Pablo (Explicit)/Kanye West - 10. Waves (Explicit).flac
1749343385:236068:236120:/<HDD0>/Music/Kanye West/The Life Of Pablo (Explicit)/Kanye West - 11. FML (Explicit).flac
1749343637:251533:251573:/<HDD0>/Music/Kanye West/The Life Of Pablo (Explicit)/Kanye West - 12. Real Friends (Explicit).flac
1749343938:301583:301586:/<HDD0>/Music/Kanye West/The Life Of Pablo (Explicit)/Kanye West - 13. Wolves (Explicit).flac
1749343976:38321:38333:/<HDD0>/Music/Kanye West/The Life Of Pablo (Explicit)/Kanye West - 14. Frank's Track (Explicit).flac
1749344033:56528:56560:/<HDD0>/Music/Kanye West/The Life Of Pablo (Explicit)/Kanye West - 15. Siiiiiiiiilver Surffffeeeeer Intermiss.flac
1749344356:323291:323302:/<HDD0>/Music/Kanye West/The Life Of Pablo (Explicit)/Kanye West - 16. 30 Hours (Explicit).flac
1749344731:374413:374413:/<HDD0>/Music/Kanye West/The Life Of Pablo (Explicit)/Kanye West - 17. No More Parties In LA (Explicit).flac
1749344931:200724:200733:/<HDD0>/Music/Kanye West/The Life Of Pablo (Explicit)/Kanye West - 18. Facts (Charlie Heat Version) (Explicit.flac
1749345125:193724:193747:/<HDD0>/Music/Kanye West/The Life Of Pablo (Explicit)/Kanye West - 19. Fade (Explicit).flac
1749345497:372088:372113:/<HDD0>/Music/Kanye West/The Life Of Pablo (Explicit)/Kanye West - 20. Saint Pablo (Explicit).flac
# Started Ver. 4.0 / Time 250608-012340
1749346155:298422:298453:/<HDD0>/Music/Florence + The Machine/Ceremonials/Florence + The Machine - 01. Only If For A Night.flac
1749346433:277577:277600:/<HDD0>/Music/Florence + The Machine/Ceremonials/Florence + The Machine - 02. Shake It Out.flac
1749346766:333374:333400:/<HDD0>/Music/Florence + The Machine/Ceremonials/Florence + The Machine - 03. What The Water Gave Me.flac
1749347037:270942:270973:/<HDD0>/Music/Florence + The Machine/Ceremonials/Florence + The Machine - 04. Never Let Me Go.flac
1749347266:229146:229186:/<HDD0>/Music/Florence + The Machine/Ceremonials/Florence + The Machine - 05. Breaking Down.flac
1749347509:242782:242813:/<HDD0>/Music/Florence + The Machine/Ceremonials/Florence + The Machine - 06. Lover To Lover.flac
1749347784:274834:274853:/<HDD0>/Music/Florence + The Machine/Ceremonials/Florence + The Machine - 07. No Light, No Light.flac
1749348087:303229:303253:/<HDD0>/Music/Florence + The Machine/Ceremonials/Florence + The Machine - 08. Seven Devils.flac
1749348389:301453:301453:/<HDD0>/Music/Florence + The Machine/Ceremonials/Florence + The Machine - 09. Heartlines.flac
1749348882:311484:311533:/<HDD0>/Music/Florence + The Machine/Ceremonials/Florence + The Machine - 10. Spectrum (Say My Name).flac
1749349128:245864:245880:/<HDD0>/Music/Florence + The Machine/Ceremonials/Florence + The Machine - 11. All This And Heaven Too.flac
1749349402:274573:274586:/<HDD0>/Music/Florence + The Machine/Ceremonials/Florence + The Machine - 12. Leave My Body.flac
1749349631:98638:98661:/<HDD0>/Music/Teyana Taylor/K.T.S.E. (Explicit)/Teyana Taylor - 01. No Manners (Explicit).flac
1749349798:166974:166997:/<HDD0>/Music/Teyana Taylor/K.T.S.E. (Explicit)/Teyana Taylor - 02. Gonna Love Me (Explicit).flac
1749349984:185965:185979:/<HDD0>/Music/Teyana Taylor/K.T.S.E. (Explicit)/Teyana Taylor - 03. Issues_Hold On (Explicit).flac
1749350024:40097:174200:/<HDD0>/Music/Teyana Taylor/K.T.S.E. (Explicit)/Teyana Taylor - 04. Hurry (Explicit).flac
1749350228:203598:203636:/<HDD0>/Music/Teyana Taylor/K.T.S.E. (Explicit)/Teyana Taylor - 05. 3Way (Explicit).flac
1749350451:222824:222828:/<HDD0>/Music/Teyana Taylor/K.T.S.E. (Explicit)/Teyana Taylor - 06. Rose In Harlem (Explicit).flac
1749350611:159895:159924:/<HDD0>/Music/Teyana Taylor/K.T.S.E. (Explicit)/Teyana Taylor - 07. Never Would Have Made It (Explicit).flac
1749350778:166817:166849:/<HDD0>/Music/Teyana Taylor/K.T.S.E. (Explicit)/Teyana Taylor - 08. WTP (Explicit).flac
# Started Ver. 4.0 / Time 250608-030021
1749373024:166347:166424:/<HDD0>/Music/Jorja Smith/Be Right Back (Explicit)/Jorja Smith - 05. Home.flac
1749373239:214569:214586:/<HDD0>/Music/Lana Del Rey/Born To Die (Explicit)/Lana Del Rey - 08. Radio (Explicit).flac
1749373589:49597:184133:/<HDD0>/Music/BigXthaPlug/TAKE CARE (Explicit)/BigXthaPlug - 10. 2AM (Explicit).flac
# Started Ver. 4.0 / Time 250608-115710
1749384194:320679:320680:/<HDD0>/Music/Kanye West/The Life Of Pablo (Explicit)/Kanye West - 01. Ultralight Beam (Explicit).flac
1749384403:135888:135920:/<HDD0>/Music/Kanye West/The Life Of Pablo (Explicit)/Kanye West - 02. Father Stretch My Hands Pt. 1 (Explici.flac
1749384533:130272:130293:/<HDD0>/Music/Kanye West/The Life Of Pablo (Explicit)/Kanye West - 03. Pt. 2 (Explicit).flac
1749384729:196022:196040:/<HDD0>/Music/Kanye West/The Life Of Pablo (Explicit)/Kanye West - 04. Famous (Explicit).flac
1749384876:147226:147240:/<HDD0>/Music/Kanye West/The Life Of Pablo (Explicit)/Kanye West - 05. Feedback (Explicit).flac
1749385008:131761:131773:/<HDD0>/Music/Kanye West/The Life Of Pablo (Explicit)/Kanye West - 06. Low Lights (Explicit).flac
1749385367:58932:199866:/<HDD0>/Music/Kanye West/The Life Of Pablo (Explicit)/Kanye West - 07. Highlights (Explicit).flac
# Started Ver. 4.0 / Time 250608-170104
1749402381:298422:298453:/<HDD0>/Music/Florence + The Machine/Ceremonials/Florence + The Machine - 01. Only If For A Night.flac
1749402627:245864:245880:/<HDD0>/Music/Florence + The Machine/Ceremonials/Florence + The Machine - 11. All This And Heaven Too.flac
1749402954:26984:301453:/<HDD0>/Music/Florence + The Machine/Ceremonials/Florence + The Machine - 09. Heartlines.flac
# Started Ver. 4.0 / Time 250608-214704
1749419396:49504:220506:/<HDD0>/Music/Adele/19 (Explicit)/Adele - 01. Daydreamer.flac
1749419698:298422:298453:/<HDD0>/Music/Florence + The Machine/Ceremonials/Florence + The Machine - 01. Only If For A Night.flac
1749419976:277577:277600:/<HDD0>/Music/Florence + The Machine/Ceremonials/Florence + The Machine - 02. Shake It Out.flac
1749420617:300512:333400:/<HDD0>/Music/Florence + The Machine/Ceremonials/Florence + The Machine - 03. What The Water Gave Me.flac
# Started Ver. 4.0 / Time 250609-092518
1749461414:273632:273640:/<HDD0>/Music/Kendrick Lamar/good kid, m.A.A.d city (Deluxe) (Explici/Kendrick Lamar - 01. Sherane a.k.a Master Splinter_s Da.flac
1749461725:310700:310720:/<HDD0>/Music/Kendrick Lamar/good kid, m.A.A.d city (Deluxe) (Explici/Kendrick Lamar - 02. Bitch, Don_t Kill My Vibe (Explici.flac
1749461938:212610:212653:/<HDD0>/Music/Kendrick Lamar/good kid, m.A.A.d city (Deluxe) (Explici/Kendrick Lamar - 03. Backseat Freestyle (Explicit).flac
1749462262:324493:324533:/<HDD0>/Music/Kendrick Lamar/good kid, m.A.A.d city (Deluxe) (Explici/Kendrick Lamar - 04. The Art of Peer Pressure (Explicit.flac
1749462649:386899:386906:/<HDD0>/Music/Kendrick Lamar/good kid, m.A.A.d city (Deluxe) (Explici/Kendrick Lamar - 05. Money Trees (Explicit).flac
1749462949:300146:300160:/<HDD0>/Music/Kendrick Lamar/good kid, m.A.A.d city (Deluxe) (Explici/Kendrick Lamar - 06. Poetic Justice (Explicit).flac
1749463164:214099:214120:/<HDD0>/Music/Kendrick Lamar/good kid, m.A.A.d city (Deluxe) (Explici/Kendrick Lamar - 07. good kid (Explicit).flac
1749463514:350119:350120:/<HDD0>/Music/Kendrick Lamar/good kid, m.A.A.d city (Deluxe) (Explici/Kendrick Lamar - 08. m.A.A.d city (Explicit).flac
1749463828:313730:313786:/<HDD0>/Music/Kendrick Lamar/good kid, m.A.A.d city (Deluxe) (Explici/Kendrick Lamar - 09. Swimming Pools (Drank) (Extended V.flac
1749464551:723539:723573:/<HDD0>/Music/Kendrick Lamar/good kid, m.A.A.d city (Deluxe) (Explici/Kendrick Lamar - 10. Sing About Me, I'm Dying Of Thirst.flac
1749464995:443376:443413:/<HDD0>/Music/Kendrick Lamar/good kid, m.A.A.d city (Deluxe) (Explici/Kendrick Lamar - 11. Real (Explicit).flac
1749465243:248084:248093:/<HDD0>/Music/Kendrick Lamar/good kid, m.A.A.d city (Deluxe) (Explici/Kendrick Lamar - 12. Compton (Explicit).flac
1749465596:352809:352853:/<HDD0>/Music/Kendrick Lamar/good kid, m.A.A.d city (Deluxe) (Explici/Kendrick Lamar - 201. The Recipe (Bonus Track) (Explici.flac
1749466035:279118:279146:/<HDD0>/Music/Kendrick Lamar/good kid, m.A.A.d city (Deluxe) (Explici/Kendrick Lamar - 202. Black Boy Fly (Bonus Track) (Expl.flac
1749466291:256208:256213:/<HDD0>/Music/Kendrick Lamar/good kid, m.A.A.d city (Deluxe) (Explici/Kendrick Lamar - 203. Now Or Never (Bonus Track).flac
1749466570:278569:278573:/<HDD0>/Music/Kendrick Lamar/good kid, m.A.A.d city (Deluxe) (Explici/Kendrick Lamar - 204. Bitch, Don_t Kill My Vibe (Remix).flac
# Started Ver. 4.0 / Time 250609-110258
1749467215:220496:220506:/<HDD0>/Music/Adele/19 (Explicit)/Adele - 01. Daydreamer.flac
1749467473:258484:258506:/<HDD0>/Music/Adele/19 (Explicit)/Adele - 02. Best for Last.flac
1749467684:210465:210506:/<HDD0>/Music/Adele/19 (Explicit)/Adele - 03. Chasing Pavements.flac
1749468088:104396:191866:/<HDD0>/Music/Adele/19 (Explicit)/Adele - 04. Cold Shoulder.flac
# Started Ver. 4.0 / Time 250609-112332
1749468318:191796:191866:/<HDD0>/Music/Adele/19 (Explicit)/Adele - 04. Cold Shoulder.flac
1749468526:207957:208040:/<HDD0>/Music/Adele/19 (Explicit)/Adele - 05. Crazy For You.flac
1749468730:203871:203906:/<HDD0>/Music/Adele/19 (Explicit)/Adele - 06. Melt My Heart to Stone.flac
1749468920:190217:190280:/<HDD0>/Music/Adele/19 (Explicit)/Adele - 07. First Love.flac
1749469117:197276:197346:/<HDD0>/Music/Adele/19 (Explicit)/Adele - 08. Right As Rain.flac
1749469329:211951:212040:/<HDD0>/Music/Adele/19 (Explicit)/Adele - 09. Make You Feel My Love.flac
1749469606:195604:195653:/<HDD0>/Music/Adele/19 (Explicit)/Adele - 10. My Same.flac
1749470097:190682:258853:/<HDD0>/Music/Adele/19 (Explicit)/Adele - 11. Tired.flac
# Started Ver. 4.0 / Time 250609-123501
1749472598:258763:258853:/<HDD0>/Music/Adele/19 (Explicit)/Adele - 11. Tired.flac
1749472869:271209:271226:/<HDD0>/Music/Adele/19 (Explicit)/Adele - 12. Hometown Glory (Explicit).flac
1749473234:286223:286253:/<HDD0>/Music/Lana Del Rey/Born To Die (Explicit)/Lana Del Rey - 01. Born To Die.flac
1749473534:299911:299933:/<HDD0>/Music/Lana Del Rey/Born To Die (Explicit)/Lana Del Rey - 02. Off To The Races.flac
1749473744:209397:209440:/<HDD0>/Music/Lana Del Rey/Born To Die (Explicit)/Lana Del Rey - 03. Blue Jeans (Explicit).flac
1749474026:281939:281946:/<HDD0>/Music/Lana Del Rey/Born To Die (Explicit)/Lana Del Rey - 04. Video Games.flac
1749474249:222876:222920:/<HDD0>/Music/Lana Del Rey/Born To Die (Explicit)/Lana Del Rey - 05. Diet Mountain Dew.flac
1749474479:230530:230533:/<HDD0>/Music/Lana Del Rey/Born To Die (Explicit)/Lana Del Rey - 06. National Anthem.flac
1749474722:243121:243173:/<HDD0>/Music/Lana Del Rey/Born To Die (Explicit)/Lana Del Rey - 07. Dark Paradise.flac
1749474937:214569:214586:/<HDD0>/Music/Lana Del Rey/Born To Die (Explicit)/Lana Del Rey - 08. Radio (Explicit).flac
1749475186:248685:248720:/<HDD0>/Music/Lana Del Rey/Born To Die (Explicit)/Lana Del Rey - 09. Carmen.flac
1749475494:8228:231560:/<HDD0>/Music/Lana Del Rey/Born To Die (Explicit)/Lana Del Rey - 10. Million Dollar Man.flac
# Started Ver. 4.0 / Time 250609-200805
1749499824:109792:352853:/<HDD0>/Music/Kendrick Lamar/good kid, m.A.A.d city (Deluxe) (Explici/Kendrick Lamar - 201. The Recipe (Bonus Track) (Explici.flac
1749500018:193004:193030:/<HDD0>/Music/Arctic Monkeys/AM/Arctic Monkeys - 10. Snap Out Of It.flac
1749500379:58885:257563:/<HDD0>/Music/Arctic Monkeys/AM/Arctic Monkeys - 11. Knee Socks.flac
# Started Ver. 4.0 / Time 250610-110506
1749553859:273632:273640:/<HDD0>/Music/Kendrick Lamar/good kid, m.A.A.d city (Deluxe) (Explici/Kendrick Lamar - 01. Sherane a.k.a Master Splinter_s Da.flac
1749554170:310700:310720:/<HDD0>/Music/Kendrick Lamar/good kid, m.A.A.d city (Deluxe) (Explici/Kendrick Lamar - 02. Bitch, Don_t Kill My Vibe (Explici.flac
1749554382:212610:212653:/<HDD0>/Music/Kendrick Lamar/good kid, m.A.A.d city (Deluxe) (Explici/Kendrick Lamar - 03. Backseat Freestyle (Explicit).flac
1749554707:324493:324533:/<HDD0>/Music/Kendrick Lamar/good kid, m.A.A.d city (Deluxe) (Explici/Kendrick Lamar - 04. The Art of Peer Pressure (Explicit.flac
1749555094:386899:386906:/<HDD0>/Music/Kendrick Lamar/good kid, m.A.A.d city (Deluxe) (Explici/Kendrick Lamar - 05. Money Trees (Explicit).flac
1749555570:176169:300160:/<HDD0>/Music/Kendrick Lamar/good kid, m.A.A.d city (Deluxe) (Explici/Kendrick Lamar - 06. Poetic Justice (Explicit).flac
# Started Ver. 4.0 / Time 250610-122135
1749558236:300120:300160:/<HDD0>/Music/Kendrick Lamar/good kid, m.A.A.d city (Deluxe) (Explici/Kendrick Lamar - 06. Poetic Justice (Explicit).flac
1749558450:214099:214120:/<HDD0>/Music/Kendrick Lamar/good kid, m.A.A.d city (Deluxe) (Explici/Kendrick Lamar - 07. good kid (Explicit).flac
1749558801:350119:350120:/<HDD0>/Music/Kendrick Lamar/good kid, m.A.A.d city (Deluxe) (Explici/Kendrick Lamar - 08. m.A.A.d city (Explicit).flac
1749559114:313756:313786:/<HDD0>/Music/Kendrick Lamar/good kid, m.A.A.d city (Deluxe) (Explici/Kendrick Lamar - 09. Swimming Pools (Drank) (Extended V.flac
1749559748:330579:723573:/<HDD0>/Music/Kendrick Lamar/good kid, m.A.A.d city (Deluxe) (Explici/Kendrick Lamar - 10. Sing About Me, I'm Dying Of Thirst.flac
# Started Ver. 4.0 / Time 250610-205241
# Started Ver. 4.0 / Time 250610-205415
1751931611:199784:199786:/<HDD0>/Music/BLK ODYSSY/DIAMONDS & FREAKS (Explicit)/BLK ODYSSY - 01. DOPAMINE & HENNESSY (Explicit).flac
1751931778:166812:166892:/<HDD0>/Music/BLK ODYSSY/DIAMONDS & FREAKS (Explicit)/BLK ODYSSY - 02. MS SWEET TEA (Explicit).flac
1751931967:188731:188775:/<HDD0>/Music/BLK ODYSSY/DIAMONDS & FREAKS (Explicit)/BLK ODYSSY - 03. SUMMER IN THE RAIN (Explicit).flac
1751932236:269444:269474:/<HDD0>/Music/BLK ODYSSY/DIAMONDS & FREAKS (Explicit)/BLK ODYSSY - 04. ADAM & EVE (Explicit).flac
1751932438:201084:201155:/<HDD0>/Music/BLK ODYSSY/DIAMONDS & FREAKS (Explicit)/BLK ODYSSY - 05. HONEYSUCKLE NECKBONE (Explicit).flac
1751932632:193933:193998:/<HDD0>/Music/BLK ODYSSY/DIAMONDS & FREAKS (Explicit)/BLK ODYSSY - 06. YOU GOTTA MAN (Explicit).flac
1751932838:206564:206576:/<HDD0>/Music/BLK ODYSSY/DIAMONDS & FREAKS (Explicit)/BLK ODYSSY - 07. ODEE (Explicit).flac
1751933029:190775:190840:/<HDD0>/Music/BLK ODYSSY/DIAMONDS & FREAKS (Explicit)/BLK ODYSSY - 08. DIAMONDS & FREAKS (Explicit).flac
1751933198:168483:168562:/<HDD0>/Music/BLK ODYSSY/DIAMONDS & FREAKS (Explicit)/BLK ODYSSY - 09. JUDAS & THE HOLY MOTHER OF STANK (Expl.flac
1751933399:200991:201017:/<HDD0>/Music/BLK ODYSSY/DIAMONDS & FREAKS (Explicit)/BLK ODYSSY - 10. PINK MARMALADE (Explicit).flac
1751933605:206843:206932:/<HDD0>/Music/BLK ODYSSY/DIAMONDS & FREAKS (Explicit)/BLK ODYSSY - 11. BROKE FOLK FUNK (Explicit).flac
1751933786:180465:180487:/<HDD0>/Music/BLK ODYSSY/DIAMONDS & FREAKS (Explicit)/BLK ODYSSY - 12. EPHESIANS (Explicit).flac
1751933979:192911:192948:/<HDD0>/Music/BLK ODYSSY/DIAMONDS & FREAKS (Explicit)/BLK ODYSSY - 13. LET ME GO (Explicit).flac
1751934165:186038:186061:/<HDD0>/Music/BLK ODYSSY/DIAMONDS & FREAKS (Explicit)/BLK ODYSSY - 14. ORANGE WINE (Explicit).flac
1751934381:216409:216462:/<HDD0>/Music/BLK ODYSSY/DIAMONDS & FREAKS (Explicit)/BLK ODYSSY - 15. LET IT GROW (Explicit).flac
1751934559:177679:177706:/<HDD0>/Music/BLK ODYSSY/BLK VINTAGE_ THE REPRISE (Explicit)/BLK ODYSSY - 01. BLK VINTAGE (INTRO) (Explicit).flac
1751934732:172756:172829:/<HDD0>/Music/BLK ODYSSY/BLK VINTAGE_ THE REPRISE (Explicit)/BLK ODYSSY - 02. FUNKENTOLOGY (Explicit).flac
1751934878:146378:146413:/<HDD0>/Music/BLK ODYSSY/BLK VINTAGE_ THE REPRISE (Explicit)/BLK ODYSSY - 03. NINETEEN EIGHTY (Explicit).flac
1751935111:232106:232150:/<HDD0>/Music/BLK ODYSSY/BLK VINTAGE_ THE REPRISE (Explicit)/BLK ODYSSY - 04. BENNY'S GOT A GUN (Explicit).flac
1751935304:193747:193808:/<HDD0>/Music/BLK ODYSSY/BLK VINTAGE_ THE REPRISE (Explicit)/BLK ODYSSY - 05. SUICIDE DOORS (Explicit).flac
1751935457:152508:152524:/<HDD0>/Music/BLK ODYSSY/BLK VINTAGE_ THE REPRISE (Explicit)/BLK ODYSSY - 06. HANG LOW (Explicit).flac
1751935744:286812:286838:/<HDD0>/Music/BLK ODYSSY/BLK VINTAGE_ THE REPRISE (Explicit)/BLK ODYSSY - 07. BIG BAD WOLF_SOBER (Explicit).flac
1751935977:233035:233107:/<HDD0>/Music/BLK ODYSSY/BLK VINTAGE_ THE REPRISE (Explicit)/BLK ODYSSY - 08. YA NO POD_A SALIR (Explicit).flac
1751936595:2786:151910:/<HDD0>/Music/BLK ODYSSY/BLK VINTAGE_ THE REPRISE (Explicit)/BLK ODYSSY - 09. MURDA (Explicit).flac
# Started Ver. 4.0 / Time 250708-095311
1751968537:101796:101813:/<HDD0>/Music/Solange/A Seat at the Table (Explicit)/Solange - 01. Rise.flac
1751968731:194211:194253:/<HDD0>/Music/Solange/A Seat at the Table (Explicit)/Solange - 02. Weary.flac
1751968749:17740:17773:/<HDD0>/Music/Solange/A Seat at the Table (Explicit)/Solange - 03. Interlude_ The Glory is in You.flac
1751969000:250961:250973:/<HDD0>/Music/Solange/A Seat at the Table (Explicit)/Solange - 04. Cranes in the Sky.flac
1751969046:46254:46266:/<HDD0>/Music/Solange/A Seat at the Table (Explicit)/Solange - 05. Interlude_ Dad Was Mad.flac
1751969281:235450:235493:/<HDD0>/Music/Solange/A Seat at the Table (Explicit)/Solange - 06. Mad (Explicit).flac
1751969905:24055:245906:/<HDD0>/Music/Solange/A Seat at the Table (Explicit)/Solange - 07. Don't You Wait.flac
# Started Ver. 4.0 / Time 250708-105131
1751972137:245852:245906:/<HDD0>/Music/Solange/A Seat at the Table (Explicit)/Solange - 07. Don't You Wait.flac
1751972212:74861:74866:/<HDD0>/Music/Solange/A Seat at the Table (Explicit)/Solange - 08. Interlude_ Tina Taught Me.flac
1751972470:257462:257546:/<HDD0>/Music/Solange/A Seat at the Table (Explicit)/Solange - 09. Don't Touch My Hair (Explicit).flac
1751972519:49412:49453:/<HDD0>/Music/Solange/A Seat at the Table (Explicit)/Solange - 10. Interlude_ This Moment.flac
1751973246:127059:264373:/<HDD0>/Music/Solange/A Seat at the Table (Explicit)/Solange - 11. Where Do We Go.flac
# Started Ver. 4.0 / Time 250708-205441
# Started Ver. 4.0 / Time 250709-092023
1752053700:109040:228533:/<HDD0>/Music/half_alive/Now, Not Yet/half_alive - 01. ok ok_.flac
# Started Ver. 4.0 / Time 250709-094628
1752055008:228484:228533:/<HDD0>/Music/half_alive/Now, Not Yet/half_alive - 01. ok ok_.flac
1752055171:162168:162200:/<HDD0>/Music/half_alive/Now, Not Yet/half_alive - 02. RUNAWAY.flac
1752055364:193282:193306:/<HDD0>/Music/half_alive/Now, Not Yet/half_alive - 03. Maybe.flac
1752055401:36873:36920:/<HDD0>/Music/half_alive/Now, Not Yet/half_alive - 04. the notion.flac
1752055942:247710:247786:/<HDD0>/Music/half_alive/Now, Not Yet/half_alive - 05. still feel..flac
1752056199:257091:257120:/<HDD0>/Music/half_alive/Now, Not Yet/half_alive - 06. TrusT.flac
1752056422:222632:222706:/<HDD0>/Music/half_alive/Now, Not Yet/half_alive - 07. arrow.flac
1752056827:214180:214226:/<HDD0>/Music/half_alive/Now, Not Yet/half_alive - 08. Pure Gold.flac
1752057004:177586:177626:/<HDD0>/Music/half_alive/Now, Not Yet/half_alive - 09. ice cold..flac
1752057214:209165:209226:/<HDD0>/Music/half_alive/Now, Not Yet/half_alive - 10. Rest.flac
1752057425:211301:211360:/<HDD0>/Music/half_alive/Now, Not Yet/half_alive - 11. BREAKFAST.flac
1752057760:335017:335066:/<HDD0>/Music/half_alive/Now, Not Yet/half_alive - 12. creature.flac
1752058049:177679:177706:/<HDD0>/Music/BLK ODYSSY/BLK VINTAGE_ THE REPRISE (Explicit)/BLK ODYSSY - 01. BLK VINTAGE (INTRO) (Explicit).flac
1752058222:172756:172829:/<HDD0>/Music/BLK ODYSSY/BLK VINTAGE_ THE REPRISE (Explicit)/BLK ODYSSY - 02. FUNKENTOLOGY (Explicit).flac
1752058368:146378:146413:/<HDD0>/Music/BLK ODYSSY/BLK VINTAGE_ THE REPRISE (Explicit)/BLK ODYSSY - 03. NINETEEN EIGHTY (Explicit).flac
1752059075:232106:232150:/<HDD0>/Music/BLK ODYSSY/BLK VINTAGE_ THE REPRISE (Explicit)/BLK ODYSSY - 04. BENNY'S GOT A GUN (Explicit).flac
1752059693:18018:193808:/<HDD0>/Music/BLK ODYSSY/BLK VINTAGE_ THE REPRISE (Explicit)/BLK ODYSSY - 05. SUICIDE DOORS (Explicit).flac
# Started Ver. 4.0 / Time 250709-120328
1752062786:193747:193808:/<HDD0>/Music/BLK ODYSSY/BLK VINTAGE_ THE REPRISE (Explicit)/BLK ODYSSY - 05. SUICIDE DOORS (Explicit).flac
1752062939:152508:152524:/<HDD0>/Music/BLK ODYSSY/BLK VINTAGE_ THE REPRISE (Explicit)/BLK ODYSSY - 06. HANG LOW (Explicit).flac
1752063226:286812:286838:/<HDD0>/Music/BLK ODYSSY/BLK VINTAGE_ THE REPRISE (Explicit)/BLK ODYSSY - 07. BIG BAD WOLF_SOBER (Explicit).flac
1752063900:74582:233107:/<HDD0>/Music/BLK ODYSSY/BLK VINTAGE_ THE REPRISE (Explicit)/BLK ODYSSY - 08. YA NO POD_A SALIR (Explicit).flac
# Started Ver. 4.0 / Time 250709-125143
1752065681:233035:233107:/<HDD0>/Music/BLK ODYSSY/BLK VINTAGE_ THE REPRISE (Explicit)/BLK ODYSSY - 08. YA NO POD_A SALIR (Explicit).flac
1752065833:151858:151910:/<HDD0>/Music/BLK ODYSSY/BLK VINTAGE_ THE REPRISE (Explicit)/BLK ODYSSY - 09. MURDA (Explicit).flac
1752066028:150836:150907:/<HDD0>/Music/BLK ODYSSY/BLK VINTAGE_ THE REPRISE (Explicit)/BLK ODYSSY - 10. GHOST RIDE (Explicit).flac
1752066139:110898:110987:/<HDD0>/Music/BLK ODYSSY/BLK VINTAGE_ THE REPRISE (Explicit)/BLK ODYSSY - 11. BLK REVOLUTION (Explicit).flac
1752066329:189939:189974:/<HDD0>/Music/BLK ODYSSY/BLK VINTAGE_ THE REPRISE (Explicit)/BLK ODYSSY - 12. COMPLEX OF KILLING A MAN (Explicit).flac
1752066555:224862:224908:/<HDD0>/Music/BLK ODYSSY/BLK VINTAGE_ THE REPRISE (Explicit)/BLK ODYSSY - 13. THE REPRISE (Explicit).flac
1752066778:223840:223897:/<HDD0>/Music/BLK ODYSSY/BLK VINTAGE_ THE REPRISE (Explicit)/BLK ODYSSY - 14. DAISIES (Explicit).flac
1752067161:287370:287373:/<HDD0>/Music/BLK ODYSSY/BLK VINTAGE_ THE REPRISE (Explicit)/BLK ODYSSY - 15. DRINKING GOOD (Explicit).flac
1752067503:208613:208640:/<HDD0>/Music/Alessia Cara/Know-It-All/Alessia Cara - 08. Overdose.flac
1752067529:25417:211893:/<HDD0>/Music/Alessia Cara/Know-It-All/Alessia Cara - 05. Four Pink Walls.flac
1752067733:202997:203026:/<HDD0>/Music/Alessia Cara/Know-It-All/Alessia Cara - 03. Outlaws.flac
1752068404:71105:228680:/<HDD0>/Music/Alessia Cara/Know-It-All/Alessia Cara - 04. I'm Yours.flac
# Started Ver. 4.0 / Time 250709-141233
1752070407:98011:228680:/<HDD0>/Music/Alessia Cara/Know-It-All/Alessia Cara - 04. I'm Yours.flac
1752070637:228484:228533:/<HDD0>/Music/half_alive/Now, Not Yet/half_alive - 01. ok ok_.flac
1752070799:162168:162200:/<HDD0>/Music/half_alive/Now, Not Yet/half_alive - 02. RUNAWAY.flac
1752070993:193282:193306:/<HDD0>/Music/half_alive/Now, Not Yet/half_alive - 03. Maybe.flac
1752071029:36873:36920:/<HDD0>/Music/half_alive/Now, Not Yet/half_alive - 04. the notion.flac
1752071277:247710:247786:/<HDD0>/Music/half_alive/Now, Not Yet/half_alive - 05. still feel..flac
1752071534:257091:257120:/<HDD0>/Music/half_alive/Now, Not Yet/half_alive - 06. TrusT.flac
1752071757:222632:222706:/<HDD0>/Music/half_alive/Now, Not Yet/half_alive - 07. arrow.flac
1752072028:214180:214226:/<HDD0>/Music/half_alive/Now, Not Yet/half_alive - 08. Pure Gold.flac
1752072205:177586:177626:/<HDD0>/Music/half_alive/Now, Not Yet/half_alive - 09. ice cold..flac
1752072415:209165:209226:/<HDD0>/Music/half_alive/Now, Not Yet/half_alive - 10. Rest.flac
1752072626:211301:211360:/<HDD0>/Music/half_alive/Now, Not Yet/half_alive - 11. BREAKFAST.flac
1752072960:335017:335066:/<HDD0>/Music/half_alive/Now, Not Yet/half_alive - 12. creature.flac
1752073288:314409:314433:/<HDD0>/Music/Jorja Smith/Lost & Found/Jorja Smith - 01. Lost & Found.flac
1752073515:226847:226906:/<HDD0>/Music/Jorja Smith/Lost & Found/Jorja Smith - 02. Teenage Fantasy.flac
1752073707:191947:191992:/<HDD0>/Music/Jorja Smith/Lost & Found/Jorja Smith - 03. Where Did I Go_.flac
1752073744:36780:242035:/<HDD0>/Music/Jorja Smith/Lost & Found/Jorja Smith - 04. February 3rd.flac
1752073989:241893:241975:/<HDD0>/Music/Jorja Smith/Lost & Found/Jorja Smith - 05. On Your Own.flac
1752074187:197485:197574:/<HDD0>/Music/Jorja Smith/Lost & Found/Jorja Smith - 06. The One.flac
1752074463:275539:275618:/<HDD0>/Music/Jorja Smith/Lost & Found/Jorja Smith - 07. Wandering Romance.flac
1752074673:210233:250454:/<HDD0>/Music/Jorja Smith/Lost & Found/Jorja Smith - 08. Blue Lights.flac
1752074678:4493:172490:/<HDD0>/Music/Jorja Smith/Lost & Found/Jorja Smith - 09. Lifeboats (Freestyle).flac
1752074910:230922:230929:/<HDD0>/Music/Jorja Smith/Lost & Found/Jorja Smith - 10. Goodbyes.flac
1752075142:232594:232630:/<HDD0>/Music/Jorja Smith/Lost & Found/Jorja Smith - 11. Tomorrow.flac
1752075333:190380:190429:/<HDD0>/Music/Jorja Smith/Lost & Found/Jorja Smith - 12. Don't Watch Me Cry.flac
1752075622:234475:234526:/<HDD0>/Music/Florence + The Machine/How Big, How Blue, How Beautiful/Florence + The Machine - 01. Ship To Wreck.flac
1752076253:30615:216176:/<HDD0>/Music/Florence + The Machine/How Big, How Blue, How Beautiful/Florence + The Machine - 02. What Kind Of Man.flac
# Started Ver. 4.0 / Time 250710-110554
# Started Ver. 4.0 / Time 250710-150400
1752159901:1950:187866:/<HDD0>/Music/Burna Boy/African Giant (Explicit)/Burna Boy - 11. Pull Up.flac
1752159907:650:221100:/<HDD0>/Music/Burna Boy/African Giant (Explicit)/Burna Boy - 06. Killin Dem (feat. Zlatan).flac
1752159909:557:195073:/<HDD0>/Music/Burna Boy/African Giant (Explicit)/Burna Boy - 05. Gum Body (feat. Jorja Smith).flac
1752159927:14117:188181:/<HDD0>/Music/Burna Boy/African Giant (Explicit)/Burna Boy - 03. Wetin Man Go Do.flac
1752160071:143220:196356:/<HDD0>/Music/Burna Boy/African Giant (Explicit)/Burna Boy - 14. Different (feat. Damian Marley & Angeli.flac
1752160076:2879:196356:/<HDD0>/Music/Burna Boy/African Giant (Explicit)/Burna Boy - 14. Different (feat. Damian Marley & Angeli.flac
1752160264:187524:187609:/<HDD0>/Music/Burna Boy/African Giant (Explicit)/Burna Boy - 15. Gbona.flac
1752160450:185852:185898:/<HDD0>/Music/Burna Boy/African Giant (Explicit)/Burna Boy - 16. On the Low.flac
1752160613:162911:162951:/<HDD0>/Music/Burna Boy/African Giant (Explicit)/Burna Boy - 17. Show & Tell (feat. Future) (Explicit).flac
1752161143:202570:202646:/<HDD0>/Music/Burna Boy/African Giant (Explicit)/Burna Boy - 18. This Side (feat. YG) (Explicit).flac
1752161365:221797:221880:/<HDD0>/Music/Burna Boy/African Giant (Explicit)/Burna Boy - 19. Spiritual.flac
1752161692:262013:262081:/<HDD0>/Music/PARTYNEXTDOOR/PARTYNEXTDOOR 4 (P4) (Explicit)/PARTYNEXTDOOR - 01. C o n t r o l (Explicit).flac
1752161876:183902:183990:/<HDD0>/Music/PARTYNEXTDOOR/PARTYNEXTDOOR 4 (P4) (Explicit)/PARTYNEXTDOOR - 02. L o s e  M y  M i n d (Explicit).flac
1752162056:179908:179971:/<HDD0>/Music/PARTYNEXTDOOR/PARTYNEXTDOOR 4 (P4) (Explicit)/PARTYNEXTDOOR - 03. S t u c k  I n  M y  W a y s (Expli.flac
1752162290:234057:234075:/<HDD0>/Music/PARTYNEXTDOOR/PARTYNEXTDOOR 4 (P4) (Explicit)/PARTYNEXTDOOR - 04. C h e e r s (Explicit).flac
1752162377:87399:168453:/<HDD0>/Music/PARTYNEXTDOOR/PARTYNEXTDOOR 4 (P4) (Explicit)/PARTYNEXTDOOR - 05. M a k e  I t  T o  T h e  M o r n i.flac
1752162560:181487:181533:/<HDD0>/Music/Mahalia/IRL (Explicit)/Mahalia - 01. Ready.flac
1752162849:209629:209682:/<HDD0>/Music/Mahalia/IRL (Explicit)/Mahalia - 03. Terms and Conditions (Explicit).flac
1752163156:201920:202009:/<HDD0>/Music/Mahalia/IRL (Explicit)/Mahalia - 05. Cheat (feat. JoJo) (Explicit).flac
1752163308:151579:163053:/<HDD0>/Music/Mahalia/IRL (Explicit)/Mahalia - 07. Hey Stranger.flac
1752163485:176065:176166:/<HDD0>/Music/Dexta Daps/VENT (Explicit)/Dexta Daps - 01. Vent (Explicit).flac
1752163681:195918:196000:/<HDD0>/Music/Dexta Daps/VENT (Explicit)/Dexta Daps - 02. Leave Her Alone (Explicit).flac
1752163888:207098:207157:/<HDD0>/Music/Dexta Daps/VENT (Explicit)/Dexta Daps - 03. Breaking News (Explicit).flac
1752164085:196231:196235:/<HDD0>/Music/Dexta Daps/VENT (Explicit)/Dexta Daps - 04. Twinkle (Explicit).flac
1752164325:239908:240000:/<HDD0>/Music/Dexta Daps/VENT (Explicit)/Dexta Daps - 05. Call Me If (Explicit).flac
1752164485:159973:160000:/<HDD0>/Music/Dexta Daps/VENT (Explicit)/Dexta Daps - 06. Obviously (Explicit).flac
1752164658:173348:173380:/<HDD0>/Music/Dexta Daps/VENT (Explicit)/Dexta Daps - 07. Ashes (Explicit).flac
1752164833:175438:175451:/<HDD0>/Music/Dexta Daps/VENT (Explicit)/Dexta Daps - 08. A Plus (Explicit).flac
1752165009:175647:175738:/<HDD0>/Music/Dexta Daps/VENT (Explicit)/Dexta Daps - 09. F.U 4 Life (Explicit).flac
1752165469:259134:259213:/<HDD0>/Music/Dexta Daps/VENT (Explicit)/Dexta Daps - 10. Nosey Neighbours (Explicit).flac
1752165632:163735:163750:/<HDD0>/Music/Dexta Daps/VENT (Explicit)/Dexta Daps - 11. Undefeated (Explicit).flac
1752165821:188708:188721:/<HDD0>/Music/Dexta Daps/VENT (Explicit)/Dexta Daps - 12. Unpredictable (Couldn't Left Yuh) (Exp.flac
1752165989:167915:168000:/<HDD0>/Music/Dexta Daps/VENT (Explicit)/Dexta Daps - 13. Consistency (Explicit).flac
1752166200:210546:210612:/<HDD0>/Music/Dexta Daps/VENT (Explicit)/Dexta Daps - 14. War Season (Explicit).flac
1752166440:239908:240000:/<HDD0>/Music/Dexta Daps/VENT (Explicit)/Dexta Daps - 15. Most Wanted (Explicit).flac
1752166648:208561:208571:/<HDD0>/Music/Dexta Daps/VENT (Explicit)/Dexta Daps - 16. Lift My Hands (Explicit).flac
# Started Ver. 4.0 / Time 250714-213608
1752529168:177679:177706:/<HDD0>/Music/BLK ODYSSY/BLK VINTAGE_ THE REPRISE (Explicit)/BLK ODYSSY - 01. BLK VINTAGE (INTRO) (Explicit).flac
1752529341:172756:172829:/<HDD0>/Music/BLK ODYSSY/BLK VINTAGE_ THE REPRISE (Explicit)/BLK ODYSSY - 02. FUNKENTOLOGY (Explicit).flac
1752529487:146378:146413:/<HDD0>/Music/BLK ODYSSY/BLK VINTAGE_ THE REPRISE (Explicit)/BLK ODYSSY - 03. NINETEEN EIGHTY (Explicit).flac
1752529720:232106:232150:/<HDD0>/Music/BLK ODYSSY/BLK VINTAGE_ THE REPRISE (Explicit)/BLK ODYSSY - 04. BENNY'S GOT A GUN (Explicit).flac
1752529913:193747:193808:/<HDD0>/Music/BLK ODYSSY/BLK VINTAGE_ THE REPRISE (Explicit)/BLK ODYSSY - 05. SUICIDE DOORS (Explicit).flac
1752530066:152508:152524:/<HDD0>/Music/BLK ODYSSY/BLK VINTAGE_ THE REPRISE (Explicit)/BLK ODYSSY - 06. HANG LOW (Explicit).flac
1752530353:286812:286838:/<HDD0>/Music/BLK ODYSSY/BLK VINTAGE_ THE REPRISE (Explicit)/BLK ODYSSY - 07. BIG BAD WOLF_SOBER (Explicit).flac
1752530586:233035:233107:/<HDD0>/Music/BLK ODYSSY/BLK VINTAGE_ THE REPRISE (Explicit)/BLK ODYSSY - 08. YA NO POD_A SALIR (Explicit).flac
1752530738:151858:151910:/<HDD0>/Music/BLK ODYSSY/BLK VINTAGE_ THE REPRISE (Explicit)/BLK ODYSSY - 09. MURDA (Explicit).flac
1752530889:150836:150907:/<HDD0>/Music/BLK ODYSSY/BLK VINTAGE_ THE REPRISE (Explicit)/BLK ODYSSY - 10. GHOST RIDE (Explicit).flac
1752531000:110898:110987:/<HDD0>/Music/BLK ODYSSY/BLK VINTAGE_ THE REPRISE (Explicit)/BLK ODYSSY - 11. BLK REVOLUTION (Explicit).flac
1752531190:189939:189974:/<HDD0>/Music/BLK ODYSSY/BLK VINTAGE_ THE REPRISE (Explicit)/BLK ODYSSY - 12. COMPLEX OF KILLING A MAN (Explicit).flac
1752531415:224862:224908:/<HDD0>/Music/BLK ODYSSY/BLK VINTAGE_ THE REPRISE (Explicit)/BLK ODYSSY - 13. THE REPRISE (Explicit).flac
1752531639:223840:223897:/<HDD0>/Music/BLK ODYSSY/BLK VINTAGE_ THE REPRISE (Explicit)/BLK ODYSSY - 14. DAISIES (Explicit).flac
1752531926:287370:287373:/<HDD0>/Music/BLK ODYSSY/BLK VINTAGE_ THE REPRISE (Explicit)/BLK ODYSSY - 15. DRINKING GOOD (Explicit).flac
1752532154:228484:228533:/<HDD0>/Music/half_alive/Now, Not Yet/half_alive - 01. ok ok_.flac
1752532317:162168:162200:/<HDD0>/Music/half_alive/Now, Not Yet/half_alive - 02. RUNAWAY.flac
1752532510:193282:193306:/<HDD0>/Music/half_alive/Now, Not Yet/half_alive - 03. Maybe.flac
1752532547:36873:36920:/<HDD0>/Music/half_alive/Now, Not Yet/half_alive - 04. the notion.flac
1752532795:247710:247786:/<HDD0>/Music/half_alive/Now, Not Yet/half_alive - 05. still feel..flac
1752533052:257091:257120:/<HDD0>/Music/half_alive/Now, Not Yet/half_alive - 06. TrusT.flac
1752533275:222632:222706:/<HDD0>/Music/half_alive/Now, Not Yet/half_alive - 07. arrow.flac
1752533489:214180:214226:/<HDD0>/Music/half_alive/Now, Not Yet/half_alive - 08. Pure Gold.flac
1752533666:177586:177626:/<HDD0>/Music/half_alive/Now, Not Yet/half_alive - 09. ice cold..flac
1752533876:209165:209226:/<HDD0>/Music/half_alive/Now, Not Yet/half_alive - 10. Rest.flac
1752534087:211301:211360:/<HDD0>/Music/half_alive/Now, Not Yet/half_alive - 11. BREAKFAST.flac
1752534422:335017:335066:/<HDD0>/Music/half_alive/Now, Not Yet/half_alive - 12. creature.flac
# Started Ver. 4.0 / Time 250715-073018
# Started Ver. 4.0 / Time 250715-085338
1752569976:228484:228533:/<HDD0>/Music/half_alive/Now, Not Yet/half_alive - 01. ok ok_.flac
1752570682:228484:228533:/<HDD0>/Music/half_alive/Now, Not Yet/half_alive - 01. ok ok_.flac
1752570844:162168:162200:/<HDD0>/Music/half_alive/Now, Not Yet/half_alive - 02. RUNAWAY.flac
1752571038:193282:193306:/<HDD0>/Music/half_alive/Now, Not Yet/half_alive - 03. Maybe.flac
1752571156:36873:36920:/<HDD0>/Music/half_alive/Now, Not Yet/half_alive - 04. the notion.flac
1752571404:247710:247786:/<HDD0>/Music/half_alive/Now, Not Yet/half_alive - 05. still feel..flac
1752571661:257091:257120:/<HDD0>/Music/half_alive/Now, Not Yet/half_alive - 06. TrusT.flac
1752571884:222632:222706:/<HDD0>/Music/half_alive/Now, Not Yet/half_alive - 07. arrow.flac
1752572098:214180:214226:/<HDD0>/Music/half_alive/Now, Not Yet/half_alive - 08. Pure Gold.flac
1752572276:177586:177626:/<HDD0>/Music/half_alive/Now, Not Yet/half_alive - 09. ice cold..flac
1752572654:177586:177626:/<HDD0>/Music/half_alive/Now, Not Yet/half_alive - 09. ice cold..flac
1752572863:209165:209226:/<HDD0>/Music/half_alive/Now, Not Yet/half_alive - 10. Rest.flac
1752573074:211301:211360:/<HDD0>/Music/half_alive/Now, Not Yet/half_alive - 11. BREAKFAST.flac
1752573409:335017:335066:/<HDD0>/Music/half_alive/Now, Not Yet/half_alive - 12. creature.flac
1752573628:135790:135826:/<HDD0>/Music/Vance Joy/Dream Your Life Away/Vance Joy - 01. Winds of Change.flac
1752573852:223561:223640:/<HDD0>/Music/Vance Joy/Dream Your Life Away/Vance Joy - 02. Mess Is Mine.flac
1752574153:300930:300973:/<HDD0>/Music/Vance Joy/Dream Your Life Away/Vance Joy - 03. Wasted Time.flac
1752574357:204242:204280:/<HDD0>/Music/Vance Joy/Dream Your Life Away/Vance Joy - 04. Riptide.flac
1752574516:159567:159600:/<HDD0>/Music/Vance Joy/Dream Your Life Away/Vance Joy - 05. Who Am I.flac
1752574779:262199:262200:/<HDD0>/Music/Vance Joy/Dream Your Life Away/Vance Joy - 06. From Afar.flac
1752575899:238886:247560:/<HDD0>/Music/Vance Joy/Dream Your Life Away/Vance Joy - 07. We All Die Trying to Get It Right.flac
# Started Ver. 4.0 / Time 250715-134214
1752587294:257648:257653:/<HDD0>/Music/Beyoncé/BEYONCE (Explicit)/Beyonc_ - 01. Pretty Hurts.flac
1752588256:369011:369040:/<HDD0>/Music/Beyoncé/BEYONCE (Explicit)/Beyonc_ - 02. Haunted (Explicit).flac
1752588898:30000:323480:/<HDD0>/Music/Beyoncé/BEYONCE (Explicit)/Beyonc_ - 03. Drunk in Love (Explicit).flac
# Started Ver. 4.0 / Time 250715-150708
1752592035:928:323480:/<HDD0>/Music/Beyoncé/BEYONCE (Explicit)/Beyonc_ - 03. Drunk in Love (Explicit).flac
1752592404:369011:369040:/<HDD0>/Music/Beyoncé/BEYONCE (Explicit)/Beyonc_ - 02. Haunted (Explicit).flac
1752592728:323407:323480:/<HDD0>/Music/Beyoncé/BEYONCE (Explicit)/Beyonc_ - 03. Drunk in Love (Explicit).flac
1752593038:309661:309720:/<HDD0>/Music/Beyoncé/BEYONCE (Explicit)/Beyonc_ - 04. Blow.flac
1752593266:228670:228693:/<HDD0>/Music/Beyoncé/BEYONCE (Explicit)/Beyonc_ - 05. No Angel.flac
1752593923:54056:319466:/<HDD0>/Music/Beyoncé/BEYONCE (Explicit)/Beyonc_ - 06. Partition (Explicit).flac
# Started Ver. 4.0 / Time 250715-154914
1752594821:319413:319466:/<HDD0>/Music/Beyoncé/BEYONCE (Explicit)/Beyonc_ - 06. Partition (Explicit).flac
1752595005:183994:184013:/<HDD0>/Music/Beyoncé/BEYONCE (Explicit)/Beyonc_ - 07. Jealous.flac
1752595397:391859:391906:/<HDD0>/Music/Beyoncé/BEYONCE (Explicit)/Beyonc_ - 08. Rocket (Explicit).flac
1752596301:303531:378600:/<HDD0>/Music/Beyoncé/BEYONCE (Explicit)/Beyonc_ - 09. Mine (Explicit).flac
# Started Ver. 4.0 / Time 250715-223922
1752619507:348856:378600:/<HDD0>/Music/Beyoncé/BEYONCE (Explicit)/Beyonc_ - 09. Mine (Explicit).flac
1752619538:351271:378600:/<HDD0>/Music/Beyoncé/BEYONCE (Explicit)/Beyonc_ - 09. Mine (Explicit).flac
1752619609:357122:378600:/<HDD0>/Music/Beyoncé/BEYONCE (Explicit)/Beyonc_ - 09. Mine (Explicit).flac
1752619628:743:215946:/<HDD0>/Music/Beyoncé/BEYONCE (Explicit)/Beyonc_ - 10. XO.flac
# Started Ver. 4.0 / Time 250715-224824
# Started Ver. 4.0 / Time 250716-124654
1752670265:228484:228533:/<HDD0>/Music/half_alive/Now, Not Yet/half_alive - 01. ok ok_.flac
1752670427:162168:162200:/<HDD0>/Music/half_alive/Now, Not Yet/half_alive - 02. RUNAWAY.flac
1752670449:22012:193306:/<HDD0>/Music/half_alive/Now, Not Yet/half_alive - 03. Maybe.flac
1752670490:36873:36920:/<HDD0>/Music/half_alive/Now, Not Yet/half_alive - 04. the notion.flac
1752670738:247710:247786:/<HDD0>/Music/half_alive/Now, Not Yet/half_alive - 05. still feel..flac
1752671395:19597:257120:/<HDD0>/Music/half_alive/Now, Not Yet/half_alive - 06. TrusT.flac
# Started Ver. 4.0 / Time 250716-152212
1752679342:650:257120:/<HDD0>/Music/half_alive/Now, Not Yet/half_alive - 06. TrusT.flac
1752679344:928:247786:/<HDD0>/Music/half_alive/Now, Not Yet/half_alive - 05. still feel..flac
1752679382:36873:36920:/<HDD0>/Music/half_alive/Now, Not Yet/half_alive - 04. the notion.flac
1752679629:247710:247786:/<HDD0>/Music/half_alive/Now, Not Yet/half_alive - 05. still feel..flac
1752680456:226069:257120:/<HDD0>/Music/half_alive/Now, Not Yet/half_alive - 06. TrusT.flac
# Started Ver. 4.0 / Time 250717-080354
1752739485:257091:257120:/<HDD0>/Music/half_alive/Now, Not Yet/half_alive - 06. TrusT.flac
1752740242:153623:222706:/<HDD0>/Music/half_alive/Now, Not Yet/half_alive - 07. arrow.flac
# Started Ver. 4.0 / Time 250717-082409
1752740877:222632:222706:/<HDD0>/Music/half_alive/Now, Not Yet/half_alive - 07. arrow.flac
1752741126:214180:214226:/<HDD0>/Music/half_alive/Now, Not Yet/half_alive - 08. Pure Gold.flac
1752741303:177586:177626:/<HDD0>/Music/half_alive/Now, Not Yet/half_alive - 09. ice cold..flac
1752741513:209165:209226:/<HDD0>/Music/half_alive/Now, Not Yet/half_alive - 10. Rest.flac
1752741754:211301:211360:/<HDD0>/Music/half_alive/Now, Not Yet/half_alive - 11. BREAKFAST.flac
1752742253:335017:335066:/<HDD0>/Music/half_alive/Now, Not Yet/half_alive - 12. creature.flac
1752742525:251425:272394:/<HDD0>/Music/Arctic Monkeys/AM/Arctic Monkeys - 01. Do I Wanna Know_.flac
1752743300:171177:201726:/<HDD0>/Music/Arctic Monkeys/AM/Arctic Monkeys - 02. R U Mine_.flac
# Started Ver. 4.0 / Time 250717-093408
1752744883:201642:201726:/<HDD0>/Music/Arctic Monkeys/AM/Arctic Monkeys - 02. R U Mine_.flac
1752744912:29071:206051:/<HDD0>/Music/Arctic Monkeys/AM/Arctic Monkeys - 03. One For The Road.flac
1752744914:1671:257563:/<HDD0>/Music/Arctic Monkeys/AM/Arctic Monkeys - 11. Knee Socks.flac
1752745099:183902:183956:/<HDD0>/Music/Arctic Monkeys/AM/Arctic Monkeys - 12. I Wanna Be Yours.flac
1752745314:214923:215011:/<HDD0>/Music/Arctic Monkeys/AM/Arctic Monkeys - 07. Mad Sounds.flac
1752745962:47554:181049:/<HDD0>/Music/Arctic Monkeys/AM/Arctic Monkeys - 08. Fireside.flac
# Started Ver. 4.0 / Time 250717-111735
1752751214:181022:181049:/<HDD0>/Music/Arctic Monkeys/AM/Arctic Monkeys - 08. Fireside.flac
1752751457:243066:243131:/<HDD0>/Music/Arctic Monkeys/AM/Arctic Monkeys - 06. No. 1 Party Anthem.flac
1752751642:185388:185406:/<HDD0>/Music/Arctic Monkeys/AM/Arctic Monkeys - 05. I Want It All.flac
1752751835:193004:193030:/<HDD0>/Music/Arctic Monkeys/AM/Arctic Monkeys - 10. Snap Out Of It.flac
1752751997:161053:161123:/<HDD0>/Music/Arctic Monkeys/AM/Arctic Monkeys - 09. Why'd You Only Call Me When You're.flac
1752752242:202344:202360:/<HDD0>/Music/Ariana Grande/Dangerous Woman (Explicit)/Ariana Grande - 01. Moonlight.flac
1752752469:226403:226426:/<HDD0>/Music/Ariana Grande/Dangerous Woman (Explicit)/Ariana Grande - 12. Bad Decisions (Explicit).flac
1752753289:220264:244440:/<HDD0>/Music/Ariana Grande/Dangerous Woman (Explicit)/Ariana Grande - 04. Into You.flac
# Started Ver. 4.0 / Time 250717-124818
1752756808:222632:222706:/<HDD0>/Music/half_alive/Now, Not Yet/half_alive - 07. arrow.flac
1752757143:335017:335066:/<HDD0>/Music/half_alive/Now, Not Yet/half_alive - 12. creature.flac
1752757898:62136:214226:/<HDD0>/Music/half_alive/Now, Not Yet/half_alive - 08. Pure Gold.flac
# Started Ver. 4.0 / Time 250717-133420
1752759505:214180:214226:/<HDD0>/Music/half_alive/Now, Not Yet/half_alive - 08. Pure Gold.flac
1752759792:214180:214226:/<HDD0>/Music/half_alive/Now, Not Yet/half_alive - 08. Pure Gold.flac
1752759970:177586:177626:/<HDD0>/Music/half_alive/Now, Not Yet/half_alive - 09. ice cold..flac
1752760179:209165:209226:/<HDD0>/Music/half_alive/Now, Not Yet/half_alive - 10. Rest.flac
1752760391:211301:211360:/<HDD0>/Music/half_alive/Now, Not Yet/half_alive - 11. BREAKFAST.flac
1752760726:335017:335066:/<HDD0>/Music/half_alive/Now, Not Yet/half_alive - 12. creature.flac
# Started Ver. 4.0 / Time 250717-141343
1752761865:220496:220506:/<HDD0>/Music/Adele/19 (Explicit)/Adele - 01. Daydreamer.flac
1752762124:258484:258506:/<HDD0>/Music/Adele/19 (Explicit)/Adele - 02. Best for Last.flac
1752762334:210465:210506:/<HDD0>/Music/Adele/19 (Explicit)/Adele - 03. Chasing Pavements.flac
1752762526:191796:191866:/<HDD0>/Music/Adele/19 (Explicit)/Adele - 04. Cold Shoulder.flac
1752762734:207957:208040:/<HDD0>/Music/Adele/19 (Explicit)/Adele - 05. Crazy For You.flac
1752762938:203871:203906:/<HDD0>/Music/Adele/19 (Explicit)/Adele - 06. Melt My Heart to Stone.flac
1752763128:190217:190280:/<HDD0>/Music/Adele/19 (Explicit)/Adele - 07. First Love.flac
1752763326:197276:197346:/<HDD0>/Music/Adele/19 (Explicit)/Adele - 08. Right As Rain.flac
1752763538:211951:212040:/<HDD0>/Music/Adele/19 (Explicit)/Adele - 09. Make You Feel My Love.flac
1752763733:195604:195653:/<HDD0>/Music/Adele/19 (Explicit)/Adele - 10. My Same.flac
1752764177:258763:258853:/<HDD0>/Music/Adele/19 (Explicit)/Adele - 11. Tired.flac
1752764990:212601:271226:/<HDD0>/Music/Adele/19 (Explicit)/Adele - 12. Hometown Glory (Explicit).flac
# Started Ver. 4.0 / Time 250717-212108
1752787274:557:271226:/<HDD0>/Music/Adele/19 (Explicit)/Adele - 12. Hometown Glory (Explicit).flac
1752787277:1857:258853:/<HDD0>/Music/Adele/19 (Explicit)/Adele - 11. Tired.flac
1752787473:195604:195653:/<HDD0>/Music/Adele/19 (Explicit)/Adele - 10. My Same.flac
1752787732:258763:258853:/<HDD0>/Music/Adele/19 (Explicit)/Adele - 11. Tired.flac
1752788003:271209:271226:/<HDD0>/Music/Adele/19 (Explicit)/Adele - 12. Hometown Glory (Explicit).flac
# Started Ver. 4.0 / Time 250718-095614
1752832744:149629:149703:/<HDD0>/Music/Megan Thee Stallion/Fever (Explicit)/Megan Thee Stallion - 01. Realer (Explicit).flac
1752832789:44489:181231:/<HDD0>/Music/Megan Thee Stallion/Fever (Explicit)/Megan Thee Stallion - 02. Hood Rat Shit (Explicit).flac
1752833009:181115:181120:/<HDD0>/Music/SZA/Ctrl (Explicit)/SZA - 01. Supermodel (Explicit).flac
1752833472:275017:275080:/<HDD0>/Music/SZA/Ctrl (Explicit)/SZA - 02. Love Galore (Explicit).flac
1752833739:266007:266080:/<HDD0>/Music/SZA/Ctrl (Explicit)/SZA - 03. Doves In The Wind (Explicit).flac
1752833970:231363:231400:/<HDD0>/Music/SZA/Ctrl (Explicit)/SZA - 04. Drew Barrymore (Explicit).flac
1752834247:196069:196133:/<HDD0>/Music/SZA/Ctrl (Explicit)/SZA - 05. Prom (Explicit).flac
1752834493:246410:272186:/<HDD0>/Music/SZA/Ctrl (Explicit)/SZA - 06. The Weekend (Explicit).flac
1752834498:4736:161613:/<HDD0>/Music/SZA/Ctrl (Explicit)/SZA - 07. Go Gina (Explicit).flac
1752834709:208329:208400:/<HDD0>/Music/SZA/Ctrl (Explicit)/SZA - 08. Garden (Say It Like Dat) (Explicit).flac
1752834941:231177:231253:/<HDD0>/Music/SZA/Ctrl (Explicit)/SZA - 09. Broken Clocks (Explicit).flac
1752834971:30557:149320:/<HDD0>/Music/SZA/Ctrl (Explicit)/SZA - 10. Anything (Explicit).flac
1752835229:257648:257653:/<HDD0>/Music/Beyoncé/BEYONCE (Explicit)/Beyonc_ - 01. Pretty Hurts.flac
1752835598:369011:369040:/<HDD0>/Music/Beyoncé/BEYONCE (Explicit)/Beyonc_ - 02. Haunted (Explicit).flac
1752835790:191982:323480:/<HDD0>/Music/Beyoncé/BEYONCE (Explicit)/Beyonc_ - 03. Drunk in Love (Explicit).flac
1752835794:3343:309720:/<HDD0>/Music/Beyoncé/BEYONCE (Explicit)/Beyonc_ - 04. Blow.flac
1752835825:28142:228693:/<HDD0>/Music/Beyoncé/BEYONCE (Explicit)/Beyonc_ - 05. No Angel.flac
1752835829:3715:319466:/<HDD0>/Music/Beyoncé/BEYONCE (Explicit)/Beyonc_ - 06. Partition (Explicit).flac
1752836001:168855:184013:/<HDD0>/Music/Beyoncé/BEYONCE (Explicit)/Beyonc_ - 07. Jealous.flac
1752840103:391859:391906:/<HDD0>/Music/Beyoncé/BEYONCE (Explicit)/Beyonc_ - 08. Rocket (Explicit).flac
1752840481:378578:378600:/<HDD0>/Music/Beyoncé/BEYONCE (Explicit)/Beyonc_ - 09. Mine (Explicit).flac
1752840697:215945:215946:/<HDD0>/Music/Beyoncé/BEYONCE (Explicit)/Beyonc_ - 10. XO.flac
1752840948:250868:250960:/<HDD0>/Music/Beyoncé/BEYONCE (Explicit)/Beyonc_ - 11. ___Flawless (Explicit).flac
1752841225:276503:276560:/<HDD0>/Music/Beyoncé/BEYONCE (Explicit)/Beyonc_ - 12. Superpower.flac
1752841456:230806:230893:/<HDD0>/Music/Beyoncé/BEYONCE (Explicit)/Beyonc_ - 13. Heaven.flac
1752841722:266843:266920:/<HDD0>/Music/Beyoncé/BEYONCE (Explicit)/Beyonc_ - 14. Blue.flac
# Started Ver. 4.0 / Time 250718-130251
# Started Ver. 4.0 / Time 250718-134509
# Started Ver. 4.0 / Time 250718-153542
1752853132:176065:176166:/<HDD0>/Music/Dexta Daps/VENT (Explicit)/Dexta Daps - 01. Vent (Explicit).flac
1752853328:195918:196000:/<HDD0>/Music/Dexta Daps/VENT (Explicit)/Dexta Daps - 02. Leave Her Alone (Explicit).flac
1752853536:207098:207157:/<HDD0>/Music/Dexta Daps/VENT (Explicit)/Dexta Daps - 03. Breaking News (Explicit).flac
1752853732:196231:196235:/<HDD0>/Music/Dexta Daps/VENT (Explicit)/Dexta Daps - 04. Twinkle (Explicit).flac
1752853892:160705:240000:/<HDD0>/Music/Dexta Daps/VENT (Explicit)/Dexta Daps - 05. Call Me If (Explicit).flac
1752853972:48576:228533:/<HDD0>/Music/half_alive/Now, Not Yet/half_alive - 01. ok ok_.flac
# Started Ver. 4.0 / Time 250719-214725
