1749341104:240300:240306:/<HDD0>/Music/Lana Del Rey/Born To Die (Explicit)/Lana Del Rey - 12. This Is What Makes Us Girls.flac
1749341249:60160:320680:/<HDD0>/Music/Kanye West/The Life Of Pablo (Explicit)/Kanye West - 01. Ultralight Beam (Explicit).flac
1749341821:320653:320680:/<HDD0>/Music/Kanye West/The Life Of Pablo (Explicit)/Kanye West - 01. Ultralight Beam (Explicit).flac
1749341994:135888:135920:/<HDD0>/Music/Kanye West/The Life Of Pablo (Explicit)/Kanye West - 02. Father Stretch My Hands Pt. 1 (Explici.flac
1749342124:130272:130293:/<HDD0>/Music/Kanye West/The Life Of Pablo (Explicit)/Kanye West - 03. Pt. 2 (Explicit).flac
1749342320:196022:196040:/<HDD0>/Music/Kanye West/The Life Of Pablo (Explicit)/Kanye West - 04. Famous (Explicit).flac
1749342467:147226:147240:/<HDD0>/Music/Kanye West/The Life Of Pablo (Explicit)/Kanye West - 05. Feedback (Explicit).flac
1749342599:131761:131773:/<HDD0>/Music/Kanye West/The Life Of Pablo (Explicit)/Kanye West - 06. Low Lights (Explicit).flac
1749342799:199836:199866:/<HDD0>/Music/Kanye West/The Life Of Pablo (Explicit)/Kanye West - 07. Highlights (Explicit).flac
1749342923:123350:123386:/<HDD0>/Music/Kanye West/The Life Of Pablo (Explicit)/Kanye West - 08. Freestyle 4 (Explicit).flac
1749342967:44826:44826:/<HDD0>/Music/Kanye West/The Life Of Pablo (Explicit)/Kanye West - 09. I Love Kanye (Explicit).flac
1749343149:181551:181573:/<HDD0>/Music/Kanye West/The Life Of Pablo (Explicit)/Kanye West - 10. Waves (Explicit).flac
1749343385:236068:236120:/<HDD0>/Music/Kanye West/The Life Of Pablo (Explicit)/Kanye West - 11. FML (Explicit).flac
1749343637:251533:251573:/<HDD0>/Music/Kanye West/The Life Of Pablo (Explicit)/Kanye West - 12. Real Friends (Explicit).flac
1749343938:301583:301586:/<HDD0>/Music/Kanye West/The Life Of Pablo (Explicit)/Kanye West - 13. Wolves (Explicit).flac
1749343976:38321:38333:/<HDD0>/Music/Kanye West/The Life Of Pablo (Explicit)/Kanye West - 14. Frank's Track (Explicit).flac
1749344033:56528:56560:/<HDD0>/Music/Kanye West/The Life Of Pablo (Explicit)/Kanye West - 15. Siiiiiiiiilver Surffffeeeeer Intermiss.flac
1749344356:323291:323302:/<HDD0>/Music/Kanye West/The Life Of Pablo (Explicit)/Kanye West - 16. 30 Hours (Explicit).flac
1749344731:374413:374413:/<HDD0>/Music/Kanye West/The Life Of Pablo (Explicit)/Kanye West - 17. No More Parties In LA (Explicit).flac
1749344931:200724:200733:/<HDD0>/Music/Kanye West/The Life Of Pablo (Explicit)/Kanye West - 18. Facts (Charlie Heat Version) (Explicit.flac
1749345125:193724:193747:/<HDD0>/Music/Kanye West/The Life Of Pablo (Explicit)/Kanye West - 19. Fade (Explicit).flac
1749345497:372088:372113:/<HDD0>/Music/Kanye West/The Life Of Pablo (Explicit)/Kanye West - 20. Saint Pablo (Explicit).flac
# Started Ver. 4.0 / Time 250608-012340
1749346155:298422:298453:/<HDD0>/Music/Florence + The Machine/Ceremonials/Florence + The Machine - 01. Only If For A Night.flac
1749346433:277577:277600:/<HDD0>/Music/Florence + The Machine/Ceremonials/Florence + The Machine - 02. Shake It Out.flac
1749346766:333374:333400:/<HDD0>/Music/Florence + The Machine/Ceremonials/Florence + The Machine - 03. What The Water Gave Me.flac
1749347037:270942:270973:/<HDD0>/Music/Florence + The Machine/Ceremonials/Florence + The Machine - 04. Never Let Me Go.flac
1749347266:229146:229186:/<HDD0>/Music/Florence + The Machine/Ceremonials/Florence + The Machine - 05. Breaking Down.flac
1749347509:242782:242813:/<HDD0>/Music/Florence + The Machine/Ceremonials/Florence + The Machine - 06. Lover To Lover.flac
1749347784:274834:274853:/<HDD0>/Music/Florence + The Machine/Ceremonials/Florence + The Machine - 07. No Light, No Light.flac
1749348087:303229:303253:/<HDD0>/Music/Florence + The Machine/Ceremonials/Florence + The Machine - 08. Seven Devils.flac
1749348389:301453:301453:/<HDD0>/Music/Florence + The Machine/Ceremonials/Florence + The Machine - 09. Heartlines.flac
1749348882:311484:311533:/<HDD0>/Music/Florence + The Machine/Ceremonials/Florence + The Machine - 10. Spectrum (Say My Name).flac
1749349128:245864:245880:/<HDD0>/Music/Florence + The Machine/Ceremonials/Florence + The Machine - 11. All This And Heaven Too.flac
1749349402:274573:274586:/<HDD0>/Music/Florence + The Machine/Ceremonials/Florence + The Machine - 12. Leave My Body.flac
1749349631:98638:98661:/<HDD0>/Music/Teyana Taylor/K.T.S.E. (Explicit)/Teyana Taylor - 01. No Manners (Explicit).flac
1749349798:166974:166997:/<HDD0>/Music/Teyana Taylor/K.T.S.E. (Explicit)/Teyana Taylor - 02. Gonna Love Me (Explicit).flac
1749349984:185965:185979:/<HDD0>/Music/Teyana Taylor/K.T.S.E. (Explicit)/Teyana Taylor - 03. Issues_Hold On (Explicit).flac
1749350024:40097:174200:/<HDD0>/Music/Teyana Taylor/K.T.S.E. (Explicit)/Teyana Taylor - 04. Hurry (Explicit).flac
1749350228:203598:203636:/<HDD0>/Music/Teyana Taylor/K.T.S.E. (Explicit)/Teyana Taylor - 05. 3Way (Explicit).flac
1749350451:222824:222828:/<HDD0>/Music/Teyana Taylor/K.T.S.E. (Explicit)/Teyana Taylor - 06. Rose In Harlem (Explicit).flac
1749350611:159895:159924:/<HDD0>/Music/Teyana Taylor/K.T.S.E. (Explicit)/Teyana Taylor - 07. Never Would Have Made It (Explicit).flac
1749350778:166817:166849:/<HDD0>/Music/Teyana Taylor/K.T.S.E. (Explicit)/Teyana Taylor - 08. WTP (Explicit).flac
# Started Ver. 4.0 / Time 250608-030021
1749373024:166347:166424:/<HDD0>/Music/Jorja Smith/Be Right Back (Explicit)/Jorja Smith - 05. Home.flac
1749373239:214569:214586:/<HDD0>/Music/Lana Del Rey/Born To Die (Explicit)/Lana Del Rey - 08. Radio (Explicit).flac
1749373589:49597:184133:/<HDD0>/Music/BigXthaPlug/TAKE CARE (Explicit)/BigXthaPlug - 10. 2AM (Explicit).flac
# Started Ver. 4.0 / Time 250608-115710
1749384194:320679:320680:/<HDD0>/Music/Kanye West/The Life Of Pablo (Explicit)/Kanye West - 01. Ultralight Beam (Explicit).flac
1749384403:135888:135920:/<HDD0>/Music/Kanye West/The Life Of Pablo (Explicit)/Kanye West - 02. Father Stretch My Hands Pt. 1 (Explici.flac
1749384533:130272:130293:/<HDD0>/Music/Kanye West/The Life Of Pablo (Explicit)/Kanye West - 03. Pt. 2 (Explicit).flac
1749384729:196022:196040:/<HDD0>/Music/Kanye West/The Life Of Pablo (Explicit)/Kanye West - 04. Famous (Explicit).flac
1749384876:147226:147240:/<HDD0>/Music/Kanye West/The Life Of Pablo (Explicit)/Kanye West - 05. Feedback (Explicit).flac
1749385008:131761:131773:/<HDD0>/Music/Kanye West/The Life Of Pablo (Explicit)/Kanye West - 06. Low Lights (Explicit).flac
1749385367:58932:199866:/<HDD0>/Music/Kanye West/The Life Of Pablo (Explicit)/Kanye West - 07. Highlights (Explicit).flac
# Started Ver. 4.0 / Time 250608-170104
1749402381:298422:298453:/<HDD0>/Music/Florence + The Machine/Ceremonials/Florence + The Machine - 01. Only If For A Night.flac
1749402627:245864:245880:/<HDD0>/Music/Florence + The Machine/Ceremonials/Florence + The Machine - 11. All This And Heaven Too.flac
1749402954:26984:301453:/<HDD0>/Music/Florence + The Machine/Ceremonials/Florence + The Machine - 09. Heartlines.flac
# Started Ver. 4.0 / Time 250608-214704
1749419396:49504:220506:/<HDD0>/Music/Adele/19 (Explicit)/Adele - 01. Daydreamer.flac
1749419698:298422:298453:/<HDD0>/Music/Florence + The Machine/Ceremonials/Florence + The Machine - 01. Only If For A Night.flac
1749419976:277577:277600:/<HDD0>/Music/Florence + The Machine/Ceremonials/Florence + The Machine - 02. Shake It Out.flac
1749420617:300512:333400:/<HDD0>/Music/Florence + The Machine/Ceremonials/Florence + The Machine - 03. What The Water Gave Me.flac
# Started Ver. 4.0 / Time 250609-092518
1749461414:273632:273640:/<HDD0>/Music/Kendrick Lamar/good kid, m.A.A.d city (Deluxe) (Explici/Kendrick Lamar - 01. Sherane a.k.a Master Splinter_s Da.flac
1749461725:310700:310720:/<HDD0>/Music/Kendrick Lamar/good kid, m.A.A.d city (Deluxe) (Explici/Kendrick Lamar - 02. Bitch, Don_t Kill My Vibe (Explici.flac
1749461938:212610:212653:/<HDD0>/Music/Kendrick Lamar/good kid, m.A.A.d city (Deluxe) (Explici/Kendrick Lamar - 03. Backseat Freestyle (Explicit).flac
1749462262:324493:324533:/<HDD0>/Music/Kendrick Lamar/good kid, m.A.A.d city (Deluxe) (Explici/Kendrick Lamar - 04. The Art of Peer Pressure (Explicit.flac
1749462649:386899:386906:/<HDD0>/Music/Kendrick Lamar/good kid, m.A.A.d city (Deluxe) (Explici/Kendrick Lamar - 05. Money Trees (Explicit).flac
1749462949:300146:300160:/<HDD0>/Music/Kendrick Lamar/good kid, m.A.A.d city (Deluxe) (Explici/Kendrick Lamar - 06. Poetic Justice (Explicit).flac
1749463164:214099:214120:/<HDD0>/Music/Kendrick Lamar/good kid, m.A.A.d city (Deluxe) (Explici/Kendrick Lamar - 07. good kid (Explicit).flac
1749463514:350119:350120:/<HDD0>/Music/Kendrick Lamar/good kid, m.A.A.d city (Deluxe) (Explici/Kendrick Lamar - 08. m.A.A.d city (Explicit).flac
1749463828:313730:313786:/<HDD0>/Music/Kendrick Lamar/good kid, m.A.A.d city (Deluxe) (Explici/Kendrick Lamar - 09. Swimming Pools (Drank) (Extended V.flac
1749464551:723539:723573:/<HDD0>/Music/Kendrick Lamar/good kid, m.A.A.d city (Deluxe) (Explici/Kendrick Lamar - 10. Sing About Me, I'm Dying Of Thirst.flac
1749464995:443376:443413:/<HDD0>/Music/Kendrick Lamar/good kid, m.A.A.d city (Deluxe) (Explici/Kendrick Lamar - 11. Real (Explicit).flac
1749465243:248084:248093:/<HDD0>/Music/Kendrick Lamar/good kid, m.A.A.d city (Deluxe) (Explici/Kendrick Lamar - 12. Compton (Explicit).flac
1749465596:352809:352853:/<HDD0>/Music/Kendrick Lamar/good kid, m.A.A.d city (Deluxe) (Explici/Kendrick Lamar - 201. The Recipe (Bonus Track) (Explici.flac
1749466035:279118:279146:/<HDD0>/Music/Kendrick Lamar/good kid, m.A.A.d city (Deluxe) (Explici/Kendrick Lamar - 202. Black Boy Fly (Bonus Track) (Expl.flac
1749466291:256208:256213:/<HDD0>/Music/Kendrick Lamar/good kid, m.A.A.d city (Deluxe) (Explici/Kendrick Lamar - 203. Now Or Never (Bonus Track).flac
1749466570:278569:278573:/<HDD0>/Music/Kendrick Lamar/good kid, m.A.A.d city (Deluxe) (Explici/Kendrick Lamar - 204. Bitch, Don_t Kill My Vibe (Remix).flac
# Started Ver. 4.0 / Time 250609-110258
1749467215:220496:220506:/<HDD0>/Music/Adele/19 (Explicit)/Adele - 01. Daydreamer.flac
1749467473:258484:258506:/<HDD0>/Music/Adele/19 (Explicit)/Adele - 02. Best for Last.flac
1749467684:210465:210506:/<HDD0>/Music/Adele/19 (Explicit)/Adele - 03. Chasing Pavements.flac
1749468088:104396:191866:/<HDD0>/Music/Adele/19 (Explicit)/Adele - 04. Cold Shoulder.flac
# Started Ver. 4.0 / Time 250609-112332
1749468318:191796:191866:/<HDD0>/Music/Adele/19 (Explicit)/Adele - 04. Cold Shoulder.flac
1749468526:207957:208040:/<HDD0>/Music/Adele/19 (Explicit)/Adele - 05. Crazy For You.flac
1749468730:203871:203906:/<HDD0>/Music/Adele/19 (Explicit)/Adele - 06. Melt My Heart to Stone.flac
1749468920:190217:190280:/<HDD0>/Music/Adele/19 (Explicit)/Adele - 07. First Love.flac
1749469117:197276:197346:/<HDD0>/Music/Adele/19 (Explicit)/Adele - 08. Right As Rain.flac
1749469329:211951:212040:/<HDD0>/Music/Adele/19 (Explicit)/Adele - 09. Make You Feel My Love.flac
1749469606:195604:195653:/<HDD0>/Music/Adele/19 (Explicit)/Adele - 10. My Same.flac
1749470097:190682:258853:/<HDD0>/Music/Adele/19 (Explicit)/Adele - 11. Tired.flac
# Started Ver. 4.0 / Time 250609-123501
1749472598:258763:258853:/<HDD0>/Music/Adele/19 (Explicit)/Adele - 11. Tired.flac
1749472869:271209:271226:/<HDD0>/Music/Adele/19 (Explicit)/Adele - 12. Hometown Glory (Explicit).flac
1749473234:286223:286253:/<HDD0>/Music/Lana Del Rey/Born To Die (Explicit)/Lana Del Rey - 01. Born To Die.flac
1749473534:299911:299933:/<HDD0>/Music/Lana Del Rey/Born To Die (Explicit)/Lana Del Rey - 02. Off To The Races.flac
1749473744:209397:209440:/<HDD0>/Music/Lana Del Rey/Born To Die (Explicit)/Lana Del Rey - 03. Blue Jeans (Explicit).flac
1749474026:281939:281946:/<HDD0>/Music/Lana Del Rey/Born To Die (Explicit)/Lana Del Rey - 04. Video Games.flac
1749474249:222876:222920:/<HDD0>/Music/Lana Del Rey/Born To Die (Explicit)/Lana Del Rey - 05. Diet Mountain Dew.flac
1749474479:230530:230533:/<HDD0>/Music/Lana Del Rey/Born To Die (Explicit)/Lana Del Rey - 06. National Anthem.flac
1749474722:243121:243173:/<HDD0>/Music/Lana Del Rey/Born To Die (Explicit)/Lana Del Rey - 07. Dark Paradise.flac
1749474937:214569:214586:/<HDD0>/Music/Lana Del Rey/Born To Die (Explicit)/Lana Del Rey - 08. Radio (Explicit).flac
1749475186:248685:248720:/<HDD0>/Music/Lana Del Rey/Born To Die (Explicit)/Lana Del Rey - 09. Carmen.flac
1749475494:8228:231560:/<HDD0>/Music/Lana Del Rey/Born To Die (Explicit)/Lana Del Rey - 10. Million Dollar Man.flac
# Started Ver. 4.0 / Time 250609-200805
1749499824:109792:352853:/<HDD0>/Music/Kendrick Lamar/good kid, m.A.A.d city (Deluxe) (Explici/Kendrick Lamar - 201. The Recipe (Bonus Track) (Explici.flac
1749500018:193004:193030:/<HDD0>/Music/Arctic Monkeys/AM/Arctic Monkeys - 10. Snap Out Of It.flac
1749500379:58885:257563:/<HDD0>/Music/Arctic Monkeys/AM/Arctic Monkeys - 11. Knee Socks.flac
# Started Ver. 4.0 / Time 250610-110506
1749553859:273632:273640:/<HDD0>/Music/Kendrick Lamar/good kid, m.A.A.d city (Deluxe) (Explici/Kendrick Lamar - 01. Sherane a.k.a Master Splinter_s Da.flac
1749554170:310700:310720:/<HDD0>/Music/Kendrick Lamar/good kid, m.A.A.d city (Deluxe) (Explici/Kendrick Lamar - 02. Bitch, Don_t Kill My Vibe (Explici.flac
1749554382:212610:212653:/<HDD0>/Music/Kendrick Lamar/good kid, m.A.A.d city (Deluxe) (Explici/Kendrick Lamar - 03. Backseat Freestyle (Explicit).flac
1749554707:324493:324533:/<HDD0>/Music/Kendrick Lamar/good kid, m.A.A.d city (Deluxe) (Explici/Kendrick Lamar - 04. The Art of Peer Pressure (Explicit.flac
1749555094:386899:386906:/<HDD0>/Music/Kendrick Lamar/good kid, m.A.A.d city (Deluxe) (Explici/Kendrick Lamar - 05. Money Trees (Explicit).flac
1749555570:176169:300160:/<HDD0>/Music/Kendrick Lamar/good kid, m.A.A.d city (Deluxe) (Explici/Kendrick Lamar - 06. Poetic Justice (Explicit).flac
# Started Ver. 4.0 / Time 250610-122135
1749558236:300120:300160:/<HDD0>/Music/Kendrick Lamar/good kid, m.A.A.d city (Deluxe) (Explici/Kendrick Lamar - 06. Poetic Justice (Explicit).flac
1749558450:214099:214120:/<HDD0>/Music/Kendrick Lamar/good kid, m.A.A.d city (Deluxe) (Explici/Kendrick Lamar - 07. good kid (Explicit).flac
1749558801:350119:350120:/<HDD0>/Music/Kendrick Lamar/good kid, m.A.A.d city (Deluxe) (Explici/Kendrick Lamar - 08. m.A.A.d city (Explicit).flac
1749559114:313756:313786:/<HDD0>/Music/Kendrick Lamar/good kid, m.A.A.d city (Deluxe) (Explici/Kendrick Lamar - 09. Swimming Pools (Drank) (Extended V.flac
1749559748:330579:723573:/<HDD0>/Music/Kendrick Lamar/good kid, m.A.A.d city (Deluxe) (Explici/Kendrick Lamar - 10. Sing About Me, I'm Dying Of Thirst.flac
# Started Ver. 4.0 / Time 250610-205241
# Started Ver. 4.0 / Time 250610-205415
